Product projects
---------------------------------------
C:\Users\Hansel\Documents\cloneEmprendeUCR\EMPRENDEUCR\EmprendeUCR\src\Domain\EmprendeUCR.Domain.csproj
C:\Users\Hansel\Documents\cloneEmprendeUCR\EMPRENDEUCR\EmprendeUCR\src\Application\EmprendeUCR.Application.csproj
C:\Users\Hansel\Documents\cloneEmprendeUCR\EMPRENDEUCR\EmprendeUCR\src\Infrastructure\EmprendeUCR.Infrastructure.csproj
C:\Users\Hansel\Documents\cloneEmprendeUCR\EMPRENDEUCR\EmprendeUCR\src\Presentation\EmprendeUCR.Presentation.csproj
C:\Users\Hansel\Documents\cloneEmprendeUCR\EMPRENDEUCR\EmprendeUCR\EmprendeUCR_WebApplication\EmprendeUCR_WebApplication.csproj


Test projects
---------------------------------------
C:\Users\Hansel\Documents\cloneEmprendeUCR\EMPRENDEUCR\EmprendeUCR\EmprendeUCR_Selenium\EmprendeUCR_Selenium.csproj
C:\Users\Hansel\Documents\cloneEmprendeUCR\EMPRENDEUCR\EmprendeUCR\tests\UnitTests\EmprendeUCR.UnitTests.csproj
C:\Users\Hansel\Documents\cloneEmprendeUCR\EMPRENDEUCR\EmprendeUCR\tests\IntegrationTests\EmprendeUCR.IntegrationTests.csproj


Invalid projects
---------------------------------------
{none}


Skipped projects
---------------------------------------
{none}


Excluded projects
---------------------------------------
{none}


